<?xml version="1.0" encoding="UTF-8"?>
<!-- Generated by org.testng.reporters.JUnitXMLReporter -->
<testsuite hostname="THSCP10100" ignored="3" name="Test" tests="8" failures="4" timestamp="11 Sep 2018 12:02:40 GMT" time="8.154" errors="0">
  <testcase name="testLogin" time="0.01" classname="com.uiFramework.TH.Nbf.testScripts.Test1"/>
  <testcase name="testLogin1" time="0.003" classname="com.uiFramework.TH.Nbf.testScripts.Test1">
    <failure type="java.lang.AssertionError" message="expected [true] but found [false]">
      <![CDATA[java.lang.AssertionError: expected [true] but found [false]
at com.uiFramework.TH.Nbf.helper.assertion.AssertionHelper.markFail(AssertionHelper.java:28)
at com.uiFramework.TH.Nbf.testScripts.Test1.testLogin1(Test1.java:18)
... Removed 29 stack frames]]>
    </failure>
  </testcase> <!-- testLogin1 -->
  <testcase name="testLogin2" time="0.001" classname="com.uiFramework.TH.Nbf.testScripts.Test1"/>
  <testcase name="testLogin3" time="0.002" classname="com.uiFramework.TH.Nbf.testScripts.Test1">
    <failure type="java.lang.AssertionError" message="expected [true] but found [false]">
      <![CDATA[java.lang.AssertionError: expected [true] but found [false]
at com.uiFramework.TH.Nbf.helper.assertion.AssertionHelper.markFail(AssertionHelper.java:28)
at com.uiFramework.TH.Nbf.testScripts.Test1.testLogin3(Test1.java:28)
... Removed 29 stack frames]]>
    </failure>
  </testcase> <!-- testLogin3 -->
  <testcase name="testLogin" time="0.001" classname="com.uiFramework.TH.Nbf.testScripts.Test2"/>
  <testcase name="testLogin1" time="0.001" classname="com.uiFramework.TH.Nbf.testScripts.Test2">
    <failure type="java.lang.AssertionError" message="expected [true] but found [false]">
      <![CDATA[java.lang.AssertionError: expected [true] but found [false]
at com.uiFramework.TH.Nbf.helper.assertion.AssertionHelper.markFail(AssertionHelper.java:28)
at com.uiFramework.TH.Nbf.testScripts.Test2.testLogin1(Test2.java:18)
... Removed 29 stack frames]]>
    </failure>
  </testcase> <!-- testLogin1 -->
  <testcase name="testLogin2" time="0.001" classname="com.uiFramework.TH.Nbf.testScripts.Test2"/>
  <testcase name="testLogin3" time="0.002" classname="com.uiFramework.TH.Nbf.testScripts.Test2">
    <failure type="java.lang.AssertionError" message="expected [true] but found [false]">
      <![CDATA[java.lang.AssertionError: expected [true] but found [false]
at com.uiFramework.TH.Nbf.helper.assertion.AssertionHelper.markFail(AssertionHelper.java:28)
at com.uiFramework.TH.Nbf.testScripts.Test2.testLogin3(Test2.java:28)
... Removed 29 stack frames]]>
    </failure>
  </testcase> <!-- testLogin3 -->
  <testcase name="@BeforeSuite beforeSuite" time="0.0" classname="com.uiFramework.TH.Nbf.testbase.TestBase">
    <ignored/>
  </testcase> <!-- @BeforeSuite beforeSuite -->
  <testcase name="@BeforeTest beforeTest" time="0.0" classname="com.uiFramework.TH.Nbf.testbase.TestBase">
    <ignored/>
  </testcase> <!-- @BeforeTest beforeTest -->
  <testcase name="@AfterTest afterTest" time="0.0" classname="com.uiFramework.TH.Nbf.testbase.TestBase">
    <ignored/>
  </testcase> <!-- @AfterTest afterTest -->
</testsuite> <!-- Test -->
